<?xml version="1.0" encoding="UTF-8"?>
<!-- Generated by org.testng.reporters.JUnitReportReporter -->
<testsuite skipped="0" hostname="ZenBook" name="test.by.epam.homework.service.TriangleServiceTest" tests="11" failures="0" timestamp="12 окт 2017 20:36:34 GMT" time="0.020" errors="0">
  <testcase name="isRightTriangle" time="0.000" classname="test.by.epam.homework.service.TriangleServiceTest"/>
  <testcase name="calculateSquareWithNull" time="0.001" classname="test.by.epam.homework.service.TriangleServiceTest"/>
  <testcase name="isRightTriangle" time="0.002" classname="test.by.epam.homework.service.TriangleServiceTest"/>
  <testcase name="isRightTriangleWithNull" time="0.001" classname="test.by.epam.homework.service.TriangleServiceTest"/>
  <testcase name="calculatePerimeterWithNull" time="0.001" classname="test.by.epam.homework.service.TriangleServiceTest"/>
  <testcase name="isNotRightTriangle" time="0.001" classname="test.by.epam.homework.service.TriangleServiceTest"/>
  <testcase name="calculateSquare" time="0.001" classname="test.by.epam.homework.service.TriangleServiceTest"/>
  <testcase name="isNotRightTriangle" time="0.002" classname="test.by.epam.homework.service.TriangleServiceTest"/>
  <testcase name="isRightTriangle" time="0.002" classname="test.by.epam.homework.service.TriangleServiceTest"/>
  <testcase name="isNotRightTriangle" time="0.003" classname="test.by.epam.homework.service.TriangleServiceTest"/>
  <testcase name="calculatePerimeter" time="0.006" classname="test.by.epam.homework.service.TriangleServiceTest"/>
</testsuite> <!-- test.by.epam.homework.service.TriangleServiceTest -->
