<?xml version="1.0" encoding="UTF-8"?>
<!-- Generated by org.testng.reporters.JUnitReportReporter -->
<testsuite skipped="0" hostname="ZenBook" name="test.by.epam.homework.validator.TriangleValidatorTest" tests="5" failures="0" timestamp="11 окт 2017 21:45:55 GMT" time="0.019" errors="0">
  <testcase name="IsTriangleExistTest" time="0.007" classname="test.by.epam.homework.validator.TriangleValidatorTest"/>
  <testcase name="IsTriangleNotExistTest" time="0.002" classname="test.by.epam.homework.validator.TriangleValidatorTest"/>
  <testcase name="IsTriangleNotExistTest" time="0.001" classname="test.by.epam.homework.validator.TriangleValidatorTest"/>
  <testcase name="IsTriangleExistTest" time="0.006" classname="test.by.epam.homework.validator.TriangleValidatorTest"/>
  <testcase name="isTriangleExistWithNull" time="0.003" classname="test.by.epam.homework.validator.TriangleValidatorTest"/>
</testsuite> <!-- test.by.epam.homework.validator.TriangleValidatorTest -->
