<?xml version="1.0" encoding="UTF-8"?>
<!-- Generated by org.testng.reporters.JUnitReportReporter -->
<testsuite skipped="0" hostname="ZenBook" name="test.by.epam.homework.creator.IdGeneratorTest" tests="2" failures="0" timestamp="14 окт 2017 19:12:47 GMT" time="0.011" errors="0">
  <testcase name="generateNewId" time="0.010" classname="test.by.epam.homework.creator.IdGeneratorTest"/>
  <testcase name="getLastId" time="0.001" classname="test.by.epam.homework.creator.IdGeneratorTest"/>
</testsuite> <!-- test.by.epam.homework.creator.IdGeneratorTest -->
